Connecting to database specified by database.yml
Connecting to database specified by database.yml
Connecting to database specified by database.yml
Connecting to database specified by database.yml
Connecting to database specified by database.yml
Connecting to database specified by database.yml
Connecting to database specified by database.yml


Started GET "/welcome/new" for 127.0.0.1 at 2012-10-12 09:22:56 +0530
Connecting to database specified by database.yml

ActionController::RoutingError (No route matches [GET] "/welcome/new"):
  actionpack (3.2.7) lib/action_dispatch/middleware/debug_exceptions.rb:21:in `call'
  actionpack (3.2.7) lib/action_dispatch/middleware/show_exceptions.rb:56:in `call'
  railties (3.2.7) lib/rails/rack/logger.rb:26:in `call_app'
  railties (3.2.7) lib/rails/rack/logger.rb:16:in `call'
  actionpack (3.2.7) lib/action_dispatch/middleware/request_id.rb:22:in `call'
  rack (1.4.1) lib/rack/methodoverride.rb:21:in `call'
  rack (1.4.1) lib/rack/runtime.rb:17:in `call'
  activesupport (3.2.7) lib/active_support/cache/strategy/local_cache.rb:72:in `call'
  rack (1.4.1) lib/rack/lock.rb:15:in `call'
  actionpack (3.2.7) lib/action_dispatch/middleware/static.rb:62:in `call'
  railties (3.2.7) lib/rails/engine.rb:479:in `call'
  railties (3.2.7) lib/rails/application.rb:220:in `call'
  rack (1.4.1) lib/rack/content_length.rb:14:in `call'
  railties (3.2.7) lib/rails/rack/log_tailer.rb:17:in `call'
  rack (1.4.1) lib/rack/handler/webrick.rb:59:in `service'
  /home/john/.rvm/rubies/ruby-1.9.3-p194/lib/ruby/1.9.1/webrick/httpserver.rb:138:in `service'
  /home/john/.rvm/rubies/ruby-1.9.3-p194/lib/ruby/1.9.1/webrick/httpserver.rb:94:in `run'
  /home/john/.rvm/rubies/ruby-1.9.3-p194/lib/ruby/1.9.1/webrick/server.rb:191:in `block in start_thread'


  Rendered /home/john/.rvm/gems/ruby-1.9.3-p194/gems/actionpack-3.2.7/lib/action_dispatch/middleware/templates/rescues/routing_error.erb within rescues/layout (2.9ms)


Started GET "/" for 127.0.0.1 at 2012-10-12 09:25:04 +0530
Connecting to database specified by database.yml
Processing by WelcomesController#index as HTML
Mysql2::Error: Table 'jobboard_development.welcomes' doesn't exist: SHOW FULL FIELDS FROM `welcomes`
Completed 500 Internal Server Error in 135ms

ActiveRecord::StatementInvalid (Mysql2::Error: Table 'jobboard_development.welcomes' doesn't exist: SHOW FULL FIELDS FROM `welcomes`):
  app/controllers/welcomes_controller.rb:5:in `index'


  Rendered /home/john/.rvm/gems/ruby-1.9.3-p194/gems/actionpack-3.2.7/lib/action_dispatch/middleware/templates/rescues/_trace.erb (2.8ms)
  Rendered /home/john/.rvm/gems/ruby-1.9.3-p194/gems/actionpack-3.2.7/lib/action_dispatch/middleware/templates/rescues/_request_and_response.erb (0.9ms)
  Rendered /home/john/.rvm/gems/ruby-1.9.3-p194/gems/actionpack-3.2.7/lib/action_dispatch/middleware/templates/rescues/diagnostics.erb within rescues/layout (12.0ms)
Connecting to database specified by database.yml
  [1m[36m (17.5ms)[0m  [1mSELECT `schema_migrations`.`version` FROM `schema_migrations` [0m
Migrating to CreateWelcomes (20121012035101)
  [1m[35m (119.5ms)[0m  CREATE TABLE `welcomes` (`id` int(11) DEFAULT NULL auto_increment PRIMARY KEY, `name` varchar(255), `age` int(11), `created_at` datetime NOT NULL, `updated_at` datetime NOT NULL) ENGINE=InnoDB
  [1m[36m (124.0ms)[0m  [1mINSERT INTO `schema_migrations` (`version`) VALUES ('20121012035101')[0m
  [1m[35m (0.2ms)[0m  SELECT `schema_migrations`.`version` FROM `schema_migrations` 


Started GET "/" for 127.0.0.1 at 2012-10-12 09:25:49 +0530
Processing by WelcomesController#index as HTML
  [1m[36mWelcome Load (11.6ms)[0m  [1mSELECT `welcomes`.* FROM `welcomes` [0m
  Rendered welcomes/index.html.erb within layouts/application (1.4ms)
Compiled bootstrap_and_overrides.css  (973ms)  (pid 5310)
Compiled scaffolds.css  (30ms)  (pid 5310)
Compiled welcomes.css  (1ms)  (pid 5310)
Compiled application.css  (1084ms)  (pid 5310)
Compiled jquery.js  (5ms)  (pid 5310)
Compiled jquery_ujs.js  (0ms)  (pid 5310)
Compiled twitter/bootstrap/bootstrap-transition.js  (0ms)  (pid 5310)
Compiled twitter/bootstrap/bootstrap-alert.js  (0ms)  (pid 5310)
Compiled twitter/bootstrap/bootstrap-modal.js  (0ms)  (pid 5310)
Compiled twitter/bootstrap/bootstrap-dropdown.js  (0ms)  (pid 5310)
Compiled twitter/bootstrap/bootstrap-scrollspy.js  (0ms)  (pid 5310)
Compiled twitter/bootstrap/bootstrap-tab.js  (0ms)  (pid 5310)
Compiled twitter/bootstrap/bootstrap-tooltip.js  (0ms)  (pid 5310)
Compiled twitter/bootstrap/bootstrap-popover.js  (0ms)  (pid 5310)
Compiled twitter/bootstrap/bootstrap-button.js  (0ms)  (pid 5310)
Compiled twitter/bootstrap/bootstrap-collapse.js  (0ms)  (pid 5310)
Compiled twitter/bootstrap/bootstrap-carousel.js  (0ms)  (pid 5310)
Compiled twitter/bootstrap/bootstrap-typeahead.js  (0ms)  (pid 5310)
Compiled twitter/bootstrap.js  (219ms)  (pid 5310)
Compiled bootstrap.js  (84ms)  (pid 5310)
Compiled welcomes.js  (0ms)  (pid 5310)
Compiled application.js  (468ms)  (pid 5310)
Completed 200 OK in 1685ms (Views: 1653.5ms | ActiveRecord: 12.4ms)


Started GET "/assets/bootstrap_and_overrides.css?body=1" for 127.0.0.1 at 2012-10-12 09:25:51 +0530
Served asset /bootstrap_and_overrides.css - 200 OK (5ms)


Started GET "/assets/application.css?body=1" for 127.0.0.1 at 2012-10-12 09:25:51 +0530
Served asset /application.css - 200 OK (50ms)


Started GET "/assets/scaffolds.css?body=1" for 127.0.0.1 at 2012-10-12 09:25:51 +0530
Served asset /scaffolds.css - 200 OK (1ms)


Started GET "/assets/jquery_ujs.js?body=1" for 127.0.0.1 at 2012-10-12 09:25:51 +0530
Served asset /jquery_ujs.js - 200 OK (2ms)


Started GET "/assets/jquery.js?body=1" for 127.0.0.1 at 2012-10-12 09:25:51 +0530
Served asset /jquery.js - 200 OK (2ms)


Started GET "/assets/welcomes.css?body=1" for 127.0.0.1 at 2012-10-12 09:25:51 +0530
Served asset /welcomes.css - 200 OK (1ms)


Started GET "/assets/twitter/bootstrap/bootstrap-transition.js?body=1" for 127.0.0.1 at 2012-10-12 09:25:51 +0530
Served asset /twitter/bootstrap/bootstrap-transition.js - 200 OK (2ms)


Started GET "/assets/twitter/bootstrap/bootstrap-dropdown.js?body=1" for 127.0.0.1 at 2012-10-12 09:25:51 +0530
Served asset /twitter/bootstrap/bootstrap-dropdown.js - 200 OK (2ms)


Started GET "/assets/twitter/bootstrap/bootstrap-alert.js?body=1" for 127.0.0.1 at 2012-10-12 09:25:51 +0530
Served asset /twitter/bootstrap/bootstrap-alert.js - 200 OK (2ms)


Started GET "/assets/twitter/bootstrap/bootstrap-modal.js?body=1" for 127.0.0.1 at 2012-10-12 09:25:51 +0530
Served asset /twitter/bootstrap/bootstrap-modal.js - 200 OK (2ms)


Started GET "/assets/twitter/bootstrap/bootstrap-scrollspy.js?body=1" for 127.0.0.1 at 2012-10-12 09:25:51 +0530
Served asset /twitter/bootstrap/bootstrap-scrollspy.js - 200 OK (2ms)


Started GET "/assets/twitter/bootstrap/bootstrap-tab.js?body=1" for 127.0.0.1 at 2012-10-12 09:25:51 +0530
Served asset /twitter/bootstrap/bootstrap-tab.js - 200 OK (3ms)


Started GET "/assets/twitter/bootstrap/bootstrap-popover.js?body=1" for 127.0.0.1 at 2012-10-12 09:25:51 +0530
Served asset /twitter/bootstrap/bootstrap-popover.js - 200 OK (12ms)


Started GET "/assets/twitter/bootstrap/bootstrap-tooltip.js?body=1" for 127.0.0.1 at 2012-10-12 09:25:51 +0530
Served asset /twitter/bootstrap/bootstrap-tooltip.js - 200 OK (7ms)


Started GET "/assets/twitter/bootstrap/bootstrap-button.js?body=1" for 127.0.0.1 at 2012-10-12 09:25:51 +0530
Served asset /twitter/bootstrap/bootstrap-button.js - 200 OK (3ms)


Started GET "/assets/twitter/bootstrap/bootstrap-collapse.js?body=1" for 127.0.0.1 at 2012-10-12 09:25:51 +0530
Served asset /twitter/bootstrap/bootstrap-collapse.js - 200 OK (6ms)


Started GET "/assets/twitter/bootstrap/bootstrap-carousel.js?body=1" for 127.0.0.1 at 2012-10-12 09:25:51 +0530
Served asset /twitter/bootstrap/bootstrap-carousel.js - 200 OK (2ms)


Started GET "/assets/twitter/bootstrap/bootstrap-typeahead.js?body=1" for 127.0.0.1 at 2012-10-12 09:25:51 +0530
Served asset /twitter/bootstrap/bootstrap-typeahead.js - 200 OK (2ms)


Started GET "/assets/twitter/bootstrap.js?body=1" for 127.0.0.1 at 2012-10-12 09:25:51 +0530
Served asset /twitter/bootstrap.js - 200 OK (24ms)


Started GET "/assets/bootstrap.js?body=1" for 127.0.0.1 at 2012-10-12 09:25:51 +0530
Served asset /bootstrap.js - 200 OK (1ms)


Started GET "/assets/welcomes.js?body=1" for 127.0.0.1 at 2012-10-12 09:25:51 +0530
Served asset /welcomes.js - 200 OK (1ms)


Started GET "/assets/application.js?body=1" for 127.0.0.1 at 2012-10-12 09:25:51 +0530
Served asset /application.js - 200 OK (75ms)


Started GET "/welcomes/new" for 127.0.0.1 at 2012-10-12 09:25:55 +0530
Processing by WelcomesController#new as HTML
  Rendered welcomes/_form.html.erb (363.0ms)
  Rendered welcomes/new.html.erb within layouts/application (383.4ms)
Completed 200 OK in 445ms (Views: 439.5ms | ActiveRecord: 0.0ms)
Connecting to database specified by database.yml
